{
  "RSpec": {
    "coverage": {
      "/Users/Le-ordinateur/code/mouligno/airbnb/app/helpers/application_helper.rb": [
        1,
        1,
        0,
        0,
        0,
        0,
        null,
        0,
        null,
        null,
        null,
        1,
        0,
        null,
        null,
        1,
        0,
        null,
        null
      ],
      "/Users/Le-ordinateur/code/mouligno/airbnb/app/models/booking_request.rb": [
        null,
        null,
        null,
        null,
        null,
        null,
        null,
        null,
        null,
        null,
        null,
        null,
        null,
        null,
        null,
        1,
        1,
        null,
        1,
        1,
        null,
        1,
        null,
        null,
        null,
        null,
        null,
        1,
        null,
        null,
        null,
        null,
        null,
        null,
        1,
        null,
        1,
        null,
        1,
        73,
        1,
        null,
        1,
        null,
        1,
        24,
        1,
        null,
        null,
        null,
        1,
        1,
        24,
        null,
        null,
        1,
        1,
        24,
        null,
        null,
        1,
        24,
        24,
        24,
        null,
        4,
        null,
        null,
        null,
        null,
        1,
        24,
        24,
        24,
        null,
        4,
        null,
        null,
        null,
        null,
        1,
        24,
        24,
        24,
        null,
        4,
        null,
        null,
        null,
        null
      ],
      "/Users/Le-ordinateur/code/mouligno/airbnb/app/models/flat.rb": [
        null,
        null,
        null,
        null,
        null,
        null,
        null,
        null,
        null,
        null,
        null,
        null,
        null,
        null,
        null,
        null,
        null,
        null,
        null,
        null,
        null,
        null,
        null,
        null,
        null,
        null,
        null,
        null,
        1,
        1,
        1,
        null,
        1,
        null,
        1,
        1,
        1,
        null,
        1,
        null,
        null,
        null,
        null,
        null,
        null,
        null,
        null,
        null,
        null,
        null,
        1,
        1,
        1,
        null,
        1,
        null,
        1,
        null,
        1,
        1,
        null,
        1,
        17,
        null,
        null,
        1,
        17,
        null,
        null
      ],
      "/Users/Le-ordinateur/code/mouligno/airbnb/app/uploaders/flat_picture_uploader.rb": [
        1,
        1,
        null,
        1,
        null,
        1,
        0,
        null,
        null,
        1,
        0,
        null,
        null,
        1,
        1,
        null,
        null,
        1,
        1,
        null,
        null,
        1,
        1,
        null,
        null
      ],
      "/Users/Le-ordinateur/code/mouligno/airbnb/app/models/profile.rb": [
        null,
        null,
        null,
        null,
        null,
        null,
        null,
        null,
        null,
        null,
        null,
        null,
        null,
        null,
        1,
        1,
        null,
        1,
        null
      ],
      "/Users/Le-ordinateur/code/mouligno/airbnb/app/uploaders/profile_picture_uploader.rb": [
        1,
        1,
        null,
        1,
        null,
        1,
        0,
        null,
        null,
        1,
        0,
        null,
        null,
        1,
        1,
        null,
        null
      ],
      "/Users/Le-ordinateur/code/mouligno/airbnb/spec/models/flat_spec.rb": [
        null,
        null,
        null,
        null,
        null,
        null,
        null,
        null,
        null,
        null,
        null,
        null,
        null,
        null,
        null,
        null,
        null,
        null,
        null,
        null,
        null,
        null,
        null,
        null,
        null,
        null,
        null,
        null,
        null,
        1,
        null,
        1,
        2,
        2,
        2,
        null
      ],
      "/Users/Le-ordinateur/code/mouligno/airbnb/spec/models/profile_spec.rb": [
        null,
        null,
        null,
        null,
        null,
        null,
        null,
        null,
        null,
        null,
        null,
        null,
        null,
        null,
        1,
        null,
        1,
        2,
        null
      ],
      "/Users/Le-ordinateur/code/mouligno/airbnb/spec/models/review_spec.rb": [
        null,
        null,
        null,
        null,
        null,
        null,
        null,
        null,
        null,
        null,
        null,
        null,
        null,
        1,
        null,
        1,
        4,
        null,
        2,
        2,
        2,
        null,
        1,
        1,
        1,
        1,
        null,
        2,
        null,
        null
      ],
      "/Users/Le-ordinateur/code/mouligno/airbnb/app/models/review.rb": [
        null,
        null,
        null,
        null,
        null,
        null,
        null,
        null,
        null,
        null,
        null,
        null,
        null,
        1,
        1,
        1,
        null,
        1,
        null,
        1,
        null,
        1,
        null,
        1,
        1,
        1,
        6,
        null,
        null
      ],
      "/Users/Le-ordinateur/code/mouligno/airbnb/spec/models/user_spec.rb": [
        null,
        null,
        null,
        null,
        null,
        null,
        null,
        null,
        null,
        null,
        null,
        null,
        null,
        null,
        null,
        null,
        null,
        null,
        null,
        null,
        null,
        null,
        null,
        1,
        null,
        1,
        2,
        2,
        2,
        2,
        2,
        2,
        null
      ]
    },
    "timestamp": 1445961516
  }
}
